C51 COMPILER V9.00   MAIN                                                                  05/24/2014 01:13:45 PAGE 1   


C51 COMPILER V9.00, COMPILATION OF MODULE MAIN
OBJECT MODULE PLACED IN main.OBJ
COMPILER INVOKED BY: d:\Keil\C51\BIN\C51.EXE main.c BROWSE DEBUG OBJECTEXTEND

line level    source

   1          #include<reg52.h>
   2          #define uchar unsigned char
   3          uchar control[] = "takepic";
   4          char temp, i, flag;
   5          bit oldFlag = 1;
   6          char con = 0;
   7          
   8          
   9          void init(){
  10   1        TMOD = 0x20;
  11   1        TH1 = 0xfd;
  12   1        TL1 = 0xfd;
  13   1        TR1 = 1;
  14   1        SM0 = 0;
  15   1        SM1 = 1;
  16   1        EA = 1;
  17   1        ES = 1; 
  18   1        REN = 1;
  19   1      }
  20          void sendToES(){
  21   1         ES = 0;
  22   1         P1 &= 0xFD;
  23   1         for(i =0; i < 7; i++){
  24   2            SBUF = control[i];
  25   2            P1 &= 0xFB;
  26   2                while(!TI);
  27   2                TI = 0;
  28   2         }
  29   1         P1 &= 0xF7;
  30   1         ES = 1;
  31   1      }
  32          
  33          void main(){
  34   1        init();
  35   1        P0 = 0xFF;
  36   1        P1 = 0xFF;
  37   1        EA = 0;
  38   1        while(1){
  39   2           P1 &= 0x7F; 
  40   2           P0 = 0xFF; 
  41   2               con = P0 & 0X1; 
  42   2               if(0 == con ){  
  43   3                 if(oldFlag == 1){
  44   4               P1  &= 0XFE;
  45   4                   sendToES();
  46   4                 }
  47   3               }
  48   2               oldFlag = con;
  49   2        }
  50   1      }
  51          
  52          void ser() interrupt 4{
  53   1         RI = 0;
  54   1         P1 &= 0xBF;
  55   1      }
C51 COMPILER V9.00   MAIN                                                                  05/24/2014 01:13:45 PAGE 2   



MODULE INFORMATION:   STATIC OVERLAYABLE
   CODE SIZE        =    107    ----
   CONSTANT SIZE    =   ----    ----
   XDATA SIZE       =   ----    ----
   PDATA SIZE       =   ----    ----
   DATA SIZE        =     12    ----
   IDATA SIZE       =   ----    ----
   BIT SIZE         =      1    ----
END OF MODULE INFORMATION.


C51 COMPILATION COMPLETE.  0 WARNING(S),  0 ERROR(S)
